<?xml version="1.0" encoding="UTF-8"?>
<!-- Generated by org.testng.reporters.JUnitReportReporter -->
<testsuite hostname="DESKTOP-AV2PARO" failures="0" tests="4" name="TestRunner.RunnerTest" time="27.624" errors="0" timestamp="2023-08-03T07:45:39 GMT-07:00" skipped="0">
  <testcase classname="TestRunner.RunnerTest" name="runScenario" time="4.023"/>
  <system-out/>
  <testcase classname="TestRunner.RunnerTest" name="runScenario" time="18.595"/>
  <system-out/>
  <testcase classname="TestRunner.RunnerTest" name="runScenario" time="2.597"/>
  <system-out/>
  <testcase classname="TestRunner.RunnerTest" name="runScenario" time="2.409"/>
  <system-out/>
</testsuite> <!-- TestRunner.RunnerTest -->
