<?xml version="1.0" encoding="UTF-8"?>
<!-- Generated by org.testng.reporters.JUnitReportReporter -->
<testsuite hostname="DESKTOP-4G6V73A" failures="0" tests="2" name="TestRunner.RunnerTest" time="10.469" errors="0" timestamp="2023-08-03T19:20:33 IST" skipped="0">
  <testcase classname="TestRunner.RunnerTest" name="runScenario" time="8.753"/>
  <system-out/>
  <testcase classname="TestRunner.RunnerTest" name="runScenario" time="1.716"/>
  <system-out/>
</testsuite> <!-- TestRunner.RunnerTest -->
