<?xml version="1.0" encoding="UTF-8"?>
<!-- Generated by org.testng.reporters.JUnitReportReporter -->
<testsuite hostname="LAPTOP-IUJCQHFK" failures="0" tests="3" name="TestRunner.RunnerTest" time="38.932" errors="0" timestamp="2023-08-03T19:54:06 IST" skipped="0">
  <testcase classname="TestRunner.RunnerTest" name="runScenario" time="4.293"/>
  <system-out/>
  <testcase classname="TestRunner.RunnerTest" name="runScenario" time="32.915"/>
  <system-out/>
  <testcase classname="TestRunner.RunnerTest" name="runScenario" time="1.724"/>
  <system-out/>
</testsuite> <!-- TestRunner.RunnerTest -->
